<?xml version="1.0" encoding="UTF-8"?>
<!-- Generated by org.testng.reporters.JUnitXMLReporter -->
<testsuite ignored="0" hostname="DESKTOP-J4JJ0M3" failures="0" tests="13" name="Command line test" time="353.279" errors="0" timestamp="13 Mar 2022 21:15:39 GMT">
  <testcase classname="Tests.AJAXDataTest" name="clickAndWaitForDataToLoad" time="15.382"/>
  <testcase classname="Tests.AJAXDataTest" name="clickTitleTest" time="0.011"/>
  <testcase classname="Tests.ClickTest" name="clickBadBtn" time="0.418"/>
  <testcase classname="Tests.ClickTest" name="clickTitleTest" time="0.009"/>
  <testcase classname="Tests.HomeTest" name="validatePageTitle" time="0.01"/>
  <testcase classname="Tests.OverLappedElementTest" name="ScrollToElementAndEnterText" time="4.645"/>
  <testcase classname="Tests.OverLappedElementTest" name="checkPageTitle" time="0.006"/>
  <testcase classname="Tests.SampleAppLoginTest" name="login" time="0.282"/>
  <testcase classname="Tests.SampleAppLoginTest" name="loginWithOutCredentials" time="0.093"/>
  <testcase classname="Tests.SampleAppLoginTest" name="logout" time="0.337"/>
  <testcase classname="Tests.SampleAppLoginTest" name="sampleAppLoginTitleTest" time="0.007"/>
  <testcase classname="Tests.TextInputTest" name="CheckButtonText" time="0.216"/>
  <testcase classname="Tests.TextInputTest" name="clickTitleTest" time="0.006"/>
</testsuite> <!-- Command line test -->
