<?xml version="1.0" encoding="UTF-8" ?>
<testsuite tests="13" failures="0" name="TestSuite" time="21.431" errors="0" skipped="0">
  <properties>
[...]
</properties>
  <testcase classname="Tests.AJAXDataTest" name="clickAndWaitForDataToLoad" time="15.384"/>
  <testcase classname="Tests.AJAXDataTest" name="clickTitleTest" time="0.011"/>
  <testcase classname="Tests.ClickTest" name="clickBadBtn" time="0.419"/>
  <testcase classname="Tests.ClickTest" name="clickTitleTest" time="0.008"/>
  <testcase classname="Tests.HomeTest" name="validatePageTitle" time="0.011"/>
  <testcase classname="Tests.OverLappedElementTest" name="ScrollToElementAndEnterText" time="4.645"/>
  <testcase classname="Tests.OverLappedElementTest" name="checkPageTitle" time="0.006"/>
  <testcase classname="Tests.SampleAppLoginTest" name="login" time="0.282"/>
  <testcase classname="Tests.SampleAppLoginTest" name="loginWithOutCredentials" time="0.093"/>
  <testcase classname="Tests.SampleAppLoginTest" name="logout" time="0.337"/>
  <testcase classname="Tests.SampleAppLoginTest" name="sampleAppLoginTitleTest" time="0.011"/>
  <testcase classname="Tests.TextInputTest" name="CheckButtonText" time="0.214"/>
  <testcase classname="Tests.TextInputTest" name="clickTitleTest" time="0.01"/>
</testsuite>